C51 COMPILER V9.01   DELAY                                                                 11/27/2017 15:22:16 PAGE 1   


C51 COMPILER V9.01, COMPILATION OF MODULE DELAY
OBJECT MODULE PLACED IN .\list\delay.obj
COMPILER INVOKED BY: d:\Keil\C51\BIN\C51.EXE delay.c BROWSE DEBUG OBJECTEXTEND PRINT(.\list\delay.lst) OBJECT(.\list\del
                    -ay.obj)

line level    source

   1          
   2          /*------------------------------------------------------------------*/
   3          /* --- STC MCU International Limited -------------------------------*/
   4          /* --- STC 1T Series MCU RC Demo -----------------------------------*/
   5          /* --- Mobile: (86)13922805190 -------------------------------------*/
   6          /* --- Fax: 86-0513-55012956,55012947,55012969 ---------------------*/
   7          /* --- Tel: 86-0513-55012928,55012929,55012966 ---------------------*/
   8          /* --- Web: www.GXWMCU.com -----------------------------------------*/
   9          /* --- QQ:  800003751 ----------------------------------------------*/
  10          /* If you want to use the program or the program referenced in the  */
  11          /* article, please specify in which data and procedures from STC    */
  12          /*------------------------------------------------------------------*/
  13          
  14          
  15          /*************  功能说明        **************
  16          
  17          本文件为STC15xxx系列的延时程序,用户几乎可以不修改这个程序.
  18          
  19          
  20          ******************************************/
  21          
  22          #include        "delay.h"
  23          
  24          
  25          
  26          //========================================================================
  27          // 函数: void  delay_ms(unsigned char ms)
  28          // 描述: 延时函数。
  29          // 参数: ms,要延时的ms数, 这里只支持1~255ms. 自动适应主时钟.
  30          // 返回: none.
  31          // 版本: VER1.0
  32          // 日期: 2013-4-1
  33          // 备注: 
  34          //========================================================================
  35          void  delay_ms(unsigned char ms)
  36          {
  37   1           unsigned int i;
  38   1               do{
  39   2                    i = MAIN_Fosc / 13000;
  40   2                        while(--i)    ;   //14T per loop
  41   2           }while(--ms);
  42   1      }
  43          
  44          void  Delay5ms()
  45          {
  46   1              unsigned char ms=5;
  47   1           unsigned int i;
  48   1               do{
  49   2                    i = MAIN_Fosc / 13000;
  50   2                        while(--i)    ;   //14T per loop
  51   2           }while(--ms);
  52   1      }
  53          void Delay5us()
  54          {
C51 COMPILER V9.01   DELAY                                                                 11/27/2017 15:22:16 PAGE 2   

  55   1              unsigned int i;
  56   1              i = MAIN_Fosc / 2600000;                         //(fosc/13000)/1000*5
  57   1              while(--i) _nop_();   //14T per loop
  58   1      }


MODULE INFORMATION:   STATIC OVERLAYABLE
   CODE SIZE        =     51    ----
   CONSTANT SIZE    =   ----    ----
   XDATA SIZE       =   ----    ----
   PDATA SIZE       =   ----    ----
   DATA SIZE        =   ----    ----
   IDATA SIZE       =   ----    ----
   BIT SIZE         =   ----    ----
END OF MODULE INFORMATION.


C51 COMPILATION COMPLETE.  0 WARNING(S),  0 ERROR(S)
